生成启动时间为 2/19/2017 19:09:57。
     1>项目“C:\Users\sxb15\documents\visual studio 2012\Projects\addGaussianNoise\addGaussianNoise\addGaussianNoise.vcxproj”在节点 2 上(Build 个目标)。
     1>ClCompile:
         C:\Program Files (x86)\Microsoft Visual Studio 11.0\VC\bin\CL.exe /c /IC:\Software\opencv\build\include /ZI /nologo /W3 /WX- /Od /Oy- /D WIN32 /D _DEBUG /D _CONSOLE /D _UNICODE /D UNICODE /Gm /EHsc /RTC1 /MDd /GS /fp:precise /Zc:wchar_t /Zc:forScope /Fo"Debug\\" /Fd"Debug\vc110.pdb" /Gd /TP /analyze- /errorReport:prompt addNoise.cpp
         addNoise.cpp
     1>c:\users\sxb15\documents\visual studio 2012\projects\addgaussiannoise\addgaussiannoise\addnoise.cpp(20): warning C4018: “<”: 有符号/无符号不匹配
     1>c:\users\sxb15\documents\visual studio 2012\projects\addgaussiannoise\addgaussiannoise\addnoise.cpp(145): warning C4244: “=”: 从“double”转换到“int”，可能丢失数据
     1>c:\users\sxb15\documents\visual studio 2012\projects\addgaussiannoise\addgaussiannoise\addnoise.cpp(146): warning C4244: “=”: 从“double”转换到“int”，可能丢失数据
     1>c:\users\sxb15\documents\visual studio 2012\projects\addgaussiannoise\addgaussiannoise\addnoise.cpp(147): warning C4244: “=”: 从“double”转换到“int”，可能丢失数据
     1>c:\users\sxb15\documents\visual studio 2012\projects\addgaussiannoise\addgaussiannoise\addnoise.cpp(148): warning C4244: “=”: 从“double”转换到“int”，可能丢失数据
     1>c:\users\sxb15\documents\visual studio 2012\projects\addgaussiannoise\addgaussiannoise\addnoise.cpp(149): warning C4244: “=”: 从“double”转换到“int”，可能丢失数据
     1>c:\users\sxb15\documents\visual studio 2012\projects\addgaussiannoise\addgaussiannoise\addnoise.cpp(150): warning C4244: “=”: 从“double”转换到“int”，可能丢失数据
     1>c:\users\sxb15\documents\visual studio 2012\projects\addgaussiannoise\addgaussiannoise\addnoise.cpp(151): warning C4244: “=”: 从“double”转换到“int”，可能丢失数据
     1>c:\users\sxb15\documents\visual studio 2012\projects\addgaussiannoise\addgaussiannoise\addnoise.cpp(152): warning C4244: “=”: 从“double”转换到“int”，可能丢失数据
     1>c:\users\sxb15\documents\visual studio 2012\projects\addgaussiannoise\addgaussiannoise\addnoise.cpp(153): warning C4244: “=”: 从“double”转换到“int”，可能丢失数据
     1>c:\users\sxb15\documents\visual studio 2012\projects\addgaussiannoise\addgaussiannoise\addnoise.cpp(165): warning C4244: “初始化”: 从“double”转换到“int”，可能丢失数据
       Link:
         C:\Program Files (x86)\Microsoft Visual Studio 11.0\VC\bin\link.exe /ERRORREPORT:PROMPT /OUT:"C:\Users\sxb15\documents\visual studio 2012\Projects\addGaussianNoise\Debug\addGaussianNoise.exe" /INCREMENTAL /NOLOGO /LIBPATH:C:\Software\opencv\build\x86\vc11\lib opencv_calib3d2413d.lib opencv_contrib2413d.lib opencv_core2413d.lib opencv_features2d2413d.lib opencv_flann2413d.lib opencv_gpu2413d.lib opencv_highgui2413d.lib opencv_imgproc2413d.lib opencv_legacy2413d.lib opencv_ml2413d.lib opencv_nonfree2413d.lib opencv_objdetect2413d.lib opencv_ocl2413d.lib opencv_photo2413d.lib opencv_stitching2413d.lib opencv_superres2413d.lib opencv_ts2413d.lib opencv_video2413d.lib opencv_videostab2413d.lib kernel32.lib user32.lib gdi32.lib winspool.lib comdlg32.lib advapi32.lib shell32.lib ole32.lib oleaut32.lib uuid.lib odbc32.lib odbccp32.lib /MANIFEST /MANIFESTUAC:"level='asInvoker' uiAccess='false'" /manifest:embed /DEBUG /PDB:"C:\Users\sxb15\documents\visual studio 2012\Projects\addGaussianNoise\Debug\addGaussianNoise.pdb" /SUBSYSTEM:CONSOLE /TLBID:1 /DYNAMICBASE /NXCOMPAT /IMPLIB:"C:\Users\sxb15\documents\visual studio 2012\Projects\addGaussianNoise\Debug\addGaussianNoise.lib" /MACHINE:X86 Debug\addNoise.obj
         addGaussianNoise.vcxproj -> C:\Users\sxb15\documents\visual studio 2012\Projects\addGaussianNoise\Debug\addGaussianNoise.exe
     1>已完成生成项目“C:\Users\sxb15\documents\visual studio 2012\Projects\addGaussianNoise\addGaussianNoise\addGaussianNoise.vcxproj”(Build 个目标)的操作。

生成成功。

已用时间 00:00:02.50
